<?xml version="1.0" encoding="UTF-8"?>
<!-- Generated by org.testng.reporters.JUnitXMLReporter -->
<testsuite ignored="0" hostname="LAPTOP-0FGQSA9U" failures="0" tests="4" name="Default test" time="2.894" errors="0" timestamp="2024-08-23T18:28:30 OMST">
  <testcase classname="entire.EntireFlow" name="createUser" time="2.131"/>
  <testcase classname="entire.EntireFlow" name="getListUsers" time="0.169"/>
  <testcase classname="entire.EntireFlow" name="getUser" time="0.126"/>
  <testcase classname="entire.EntireFlow" name="updateUser" time="0.43"/>
</testsuite> <!-- Default test -->
