<?xml version="1.0" encoding="UTF-8"?>
<testng-results ignored="0" total="4" passed="4" failed="0" skipped="0">
  <reporter-output>
  </reporter-output>
  <suite started-at="2024-08-23T18:28:27 OMST" name="Default suite" finished-at="2024-08-23T18:28:30 OMST" duration-ms="2894">
    <groups>
    </groups>
    <test started-at="2024-08-23T18:28:27 OMST" name="Default test" finished-at="2024-08-23T18:28:30 OMST" duration-ms="2894">
      <class name="entire.EntireFlow">
        <test-method signature="createUser()[pri:0, instance:entire.EntireFlow@644baf4a]" started-at="2024-08-23T18:28:27 OMST" name="createUser" finished-at="2024-08-23T18:28:30 OMST" duration-ms="2131" status="PASS">
          <reporter-output>
          </reporter-output>
        </test-method> <!-- createUser -->
        <test-method signature="getListUsers()[pri:0, instance:entire.EntireFlow@644baf4a]" started-at="2024-08-23T18:28:30 OMST" name="getListUsers" finished-at="2024-08-23T18:28:30 OMST" duration-ms="169" status="PASS">
          <reporter-output>
          </reporter-output>
        </test-method> <!-- getListUsers -->
        <test-method signature="getUser()[pri:0, instance:entire.EntireFlow@644baf4a]" started-at="2024-08-23T18:28:30 OMST" name="getUser" finished-at="2024-08-23T18:28:30 OMST" duration-ms="126" status="PASS">
          <reporter-output>
          </reporter-output>
        </test-method> <!-- getUser -->
        <test-method signature="updateUser()[pri:0, instance:entire.EntireFlow@644baf4a]" started-at="2024-08-23T18:28:30 OMST" name="updateUser" finished-at="2024-08-23T18:28:30 OMST" duration-ms="430" status="PASS">
          <reporter-output>
          </reporter-output>
        </test-method> <!-- updateUser -->
      </class> <!-- entire.EntireFlow -->
    </test> <!-- Default test -->
  </suite> <!-- Default suite -->
</testng-results>
